make all --print-data-base --no-builtin-variables --no-builtin-rules --question
# GNU Make 3.81
# Copyright (C) 2006  Free Software Foundation, Inc.
# This is free software; see the source for copying conditions.
# There is NO warranty; not even for MERCHANTABILITY or FITNESS FOR A
# PARTICULAR PURPOSE.

# This program built for i386-apple-darwin11.3.0
 

# Make data base, printed on Mon Jun 20 13:00:29 2022

# Variables

# automatic
<D = $(patsubst %/,%,$(dir $<))
# automatic
?F = $(notdir $?)
# environment
VSCODE_LOG_NATIVE = false
# makefile (from `Makefile', line 3)
SCHEDULETASK = scheduleTask.cpp scheduleTask.h
# automatic
?D = $(patsubst %/,%,$(dir $?))
# automatic
@D = $(patsubst %/,%,$(dir $@))
# automatic
@F = $(notdir $@)
# makefile
CURDIR := /Users/prabin/Documents/Projects/Activity Tracker
# makefile
SHELL = /bin/sh
# environment
 
VSCODE_NLS_CONFIG = {"locale":"en-us","availableLanguages":{},"_languagePackSupport":true}
# environment
_ = /usr/bin/make
# makefile (from `Makefile', line 8)
CCC = $(CXX) $(CXXFLAGS)
# makefile (from `Makefile', line 1)
MAKEFILE_LIST :=  Makefile
# makefile (from `Makefile', line 6)
CXXFLAGS = -g -Wall -std=c++11
# environment
VSCODE_VERBOSE_LOGGING = true
# environment
__CFBundleIdentifier = com.microsoft.VSCode
# environment
INFOPATH = /opt/homebrew/share/info:
# environment
VSCODE_IPC_HOOK_EXTHOST = /var/folders/wc/jdkbpy3d5glgxhmp95cwvvxh0000gn/T/vscode-ipc-0cde8fdf-ec3f-4ae2-94ea-58c91b60f409.sock
# makefile (from `Makefile', line 5)
APP = app.cpp app.h
# environment
VSCODE_CWD = /
# environment
PATH = /Users/prabin/opt/anaconda3/bin:/Users/prabin/opt/anaconda3/condabin:/Applications/Sublime Text.app/Contents/SharedSupport/bin:/opt/homebrew/bin:/opt/homebrew/sbin:/usr/local/bin:/usr/bin:/bin:/usr/sbin:/sbin:/usr/local/share/dotnet:~/.dotnet/tools:/Library/Apple/usr/bin:/Library/Frameworks/Mono.framework/Versions/Current/Commands
# environment
VSCODE_LOG_STACK = false
# environment
ELECTRON_RUN_AS_NODE = 1
# default
.FEATURES := target-specific order-only second-expansion else-if archives jobserver check-symlink
# makefile (from `Makefile', line 1)
TAG = tag.cpp tag.h
# environment
SSH_AUTH_SOCK = /private/tmp/com.apple.launchd.KaYgd1lNAJ/Listeners
# automatic
%F = $(notdir $%)
# environment
CONDA_EXE = /Users/prabin/opt/anaconda3/bin/conda
# environment
VSCODE_PIPE_LOGGING = true
# environment
PWD = /Users/prabin/Documents/Projects/Activity Tracker
# environment
HOMEBREW_CELLAR = /opt/homebrew/Cellar
# environment
ORIGINAL_XDG_CURRENT_DESKTOP = undefined
# environment
MANPATH = /opt/homebrew/share/man::
# environment
VSCODE_AMD_ENTRYPOINT = vs/workbench/api/node/extensionHostProcess
# environment
HOME = /Users/prabin
# default
MAKEFILEPATH = $(shell /usr/bin/xcode-select -print-path 2>/dev/null || echo /Developer)/Makefiles
# environment
VSCODE_CODE_CACHE_PATH = /Users/prabin/Library/Application Support/Code/CachedData/c3511e6c69bb39013c4a4b7b9566ec1ca73fc4d5
# environment
LOGNAME = prabin
# environment
APPLICATION_INSIGHTS_NO_DIAGNOSTIC_CHANNEL = 1
# environment
CONDA_PROMPT_MODIFIER = (base) 
# environment
VSCODE_HANDLES_UNCAUGHT_ERRORS = true
# automatic
^D = $(patsubst %/,%,$(dir $^))
# environment
CONDA_DEFAULT_ENV = base
# environment
XPC_FLAGS = 0x0
# default
MAKE = $(MAKE_COMMAND)
# default
MAKECMDGOALS := all
# environment
SHLVL = 1
# default
MAKE_VERSION := 3.81
# environment
USER = prabin
# makefile
.DEFAULT_GOAL := all
# automatic
%D = $(patsubst %/,%,$(dir $%))
# environment
CONDA_SHLVL = 1
# default
MAKE_COMMAND := /Library/Developer/CommandLineTools/usr/bin/make
# default
.VARIABLES := 
# environment
TMPDIR = /var/folders/wc/jdkbpy3d5glgxhmp95cwvvxh0000gn/T/
# automatic
*F = $(notdir $*)
# environment
VSCODE_IPC_HOOK = /Users/prabin/Library/Application Support/Code/1.67.2-main.sock
# makefile
MAKEFLAGS = Rrqp
# environment
MFLAGS = -Rrqp
# automatic
*D = $(patsubst %/,%,$(dir $*))
# environment
XPC_SERVICE_NAME = application.com.microsoft.VSCode.34648572.34648578
# environment
HOMEBREW_PREFIX = /opt/homebrew
# automatic
+D = $(patsubst %/,%,$(dir $+))
# makefile (from `Makefile', line 2)
TASK = task.cpp task.h
# automatic
+F = $(notdir $+)
# environment
HOMEBREW_REPOSITORY = /opt/homebrew
# environment
__CF_USER_TEXT_ENCODING = 0x1F5:0x0:0x0
# environment
COMMAND_MODE = unix2003
# default
MAKEFILES := 
# automatic
<F = $(notdir $<)
# makefile (from `Makefile', line 7)
CXX = g++ 
# environment
LC_ALL = C
# environment
CONDA_PYTHON_EXE = /Users/prabin/opt/anaconda3/bin/python
# automatic
^F = $(notdir $^)
# default
SUFFIXES := 
# environment
_CE_M = 
# makefile (from `Makefile', line 4)
TODOS = todos.cpp todos.h
# environment
MAKELEVEL := 0
# makefile (from `Makefile', line 10)
OBJECTS = main.o scheduleTask.o task.o tag.o todos.o app.o
# environment
CONDA_PREFIX = /Users/prabin/opt/anaconda3
# environment
VSCODE_PID = 70944
# environment
_CE_CONDA = 
# environment
LANG = C
# variable set hash-table stats:
# Load=83/1024=8%, Rehash=0, Collisions=2/117=2%

# Pattern-specific Variable Values

# No pattern-specific variable values.

# Directories

# . (device 16777233, inode 34393794): 25 files, no impossibilities.

# 25 files, no impossibilities in 1 directories.

# Implicit Rules

# No implicit rules.

# Files

# Not a target:
tag.cpp:
#  Implicit rule search has been done.
#  Last modified 2022-05-27 09:49:34
#  File has been updated.
#  Successfully updated.
# variable set hash-table stats:
# Load=0/32=0%, Rehash=0, Collisions=0/0=0%

# Not a target:
scheduleTask.h:
#  Implicit rule search has been done.
#  Last modified 2022-05-30 17:43:49
#  File has been updated.
#  Successfully updated.
# variable set hash-table stats:
# Load=0/32=0%, Rehash=0, Collisions=0/0=0%

task.o: task.cpp task.h
#  Implicit rule search has not been done.
#  Last modified 2022-06-03 12:00:24
#  File has been updated.
#  Successfully updated.
# variable set hash-table stats:
# Load=0/32=0%, Rehash=0, Collisions=0/0=0%
#  commands to execute (from `Makefile', line 25):
	$(CCC) -c task.cpp
	

all: execute
#  Phony target (prerequisite of .PHONY).
#  Command-line target.
#  Implicit rule search has not been done.
#  File does not exist.
#  File has been updated.
#  Needs to be updated (-q is set).
# variable set hash-table stats:
# Load=0/32=0%, Rehash=0, Collisions=0/5=0%

.PHONY: all clean
#  Implicit rule search has not been done.
#  Modification time never checked.
#  File has not been updated.

# Not a target:
scheduleTask.cpp:
#  Implicit rule search has been done.
#  Last modified 2022-05-30 18:05:07
#  File has been updated.
#  Successfully updated.
# variable set hash-table stats:
# Load=0/32=0%, Rehash=0, Collisions=0/0=0%

# Not a target:
todos.h:
#  Implicit rule search has been done.
#  Last modified 2022-05-31 00:53:05
#  File has been updated.
#  Successfully updated.
# variable set hash-table stats:
# Load=0/32=0%, Rehash=0, Collisions=0/0=0%

# Not a target:
.SUFFIXES:
#  Implicit rule search has not been done.
#  Modification time never checked.
#  File has not been updated.

# Not a target:
todos.cpp:
#  Implicit rule search has been done.
#  Last modified 2022-06-04 09:06:21
#  File has been updated.
#  Successfully updated.
# variable set hash-table stats:
# Load=0/32=0%, Rehash=0, Collisions=0/0=0%

# Not a target:
Makefile:
#  Implicit rule search has been done.
#  Last modified 2022-05-30 18:04:11
#  File has been updated.
#  Successfully updated.
# variable set hash-table stats:
# Load=0/32=0%, Rehash=0, Collisions=0/0=0%

app.o: app.cpp app.h
#  Implicit rule search has not been done.
#  Implicit/static pattern stem: `'
#  Last modified 2022-06-03 12:00:25
#  File has been updated.
#  Needs to be updated (-q is set).
# automatic
# @ := app.o
# automatic
# % := 
# automatic
# * := 
# automatic
# + := app.cpp app.h
# automatic
# | := 
# automatic
# < := app.cpp
# automatic
# ^ := app.cpp app.h
# automatic
# ? := app.cpp
# variable set hash-table stats:
# Load=8/32=25%, Rehash=0, Collisions=1/13=8%
#  commands to execute (from `Makefile', line 34):
	$(CCC) -c app.cpp
	

# Not a target:
main.cpp:
#  Implicit rule search has been done.
#  Last modified 2022-06-03 12:00:50
#  File has been updated.
#  Successfully updated.
# variable set hash-table stats:
# Load=0/32=0%, Rehash=0, Collisions=0/0=0%

execute: run
#  Implicit rule search has not been done.
#  File does not exist.
#  File has been updated.
#  Needs to be updated (-q is set).
# variable set hash-table stats:
# Load=0/32=0%, Rehash=0, Collisions=0/5=0%
#  commands to execute (from `Makefile', line 37):
	./run
	

tag.o: tag.cpp tag.h
#  Implicit rule search has not been done.
#  Last modified 2022-06-03 12:00:24
#  File has been updated.
#  Successfully updated.
# variable set hash-table stats:
# Load=0/32=0%, Rehash=0, Collisions=0/0=0%
#  commands to execute (from `Makefile', line 22):
	$(CCC) -c tag.cpp
	

scheduleTask.o: scheduleTask.cpp scheduleTask.h
#  Implicit rule search has not been done.
#  Last modified 2022-06-03 12:00:24
#  File has been updated.
 
#  Successfully updated.
# variable set hash-table stats:
# Load=0/32=0%, Rehash=0, Collisions=0/0=0%
#  commands to execute (from `Makefile', line 28):
	$(CCC) -c scheduleTask.cpp
	

# Not a target:
task.h:
#  Implicit rule search has been done.
#  Last modified 2022-05-30 18:06:44
#  File has been updated.
#  Successfully updated.
# variable set hash-table stats:
# Load=0/32=0%, Rehash=0, Collisions=0/0=0%

# Not a target:
.DEFAULT:
#  Implicit rule search has not been done.
#  Modification time never checked.
#  File has not been updated.

# Not a target:
task.cpp:
#  Implicit rule search has been done.
#  Last modified 2022-05-30 18:06:26
#  File has been updated.
#  Successfully updated.
# variable set hash-table stats:
# Load=0/32=0%, Rehash=0, Collisions=0/0=0%

run: main.o scheduleTask.o task.o tag.o todos.o app.o
#  Implicit rule search has not been done.
#  Last modified 2022-06-04 09:06:36
#  File has been updated.
#  Needs to be updated (-q is set).
# variable set hash-table stats:
# Load=0/32=0%, Rehash=0, Collisions=0/5=0%
#  commands to execute (from `Makefile', line 16):
	$(CCC) -o run $(OBJECTS)
	

clean:
#  Phony target (prerequisite of .PHONY).
#  Implicit rule search has not been done.
#  File does not exist.
#  File has not been updated.
#  commands to execute (from `Makefile', line 40):
	rm -f *.o run
	

todos.o: todos.cpp todos.h
#  Implicit rule search has not been done.
#  Last modified 2022-06-04 09:06:36
#  File has been updated.
#  Successfully updated.
# variable set hash-table stats:
# Load=0/32=0%, Rehash=0, Collisions=0/0=0%
#  commands to execute (from `Makefile', line 31):
	$(CCC) -c todos.cpp
	

# Not a target:
app.h:
#  Implicit rule search has been done.
#  Last modified 2022-05-31 01:01:04
#  File has been updated.
#  Successfully updated.
# variable set hash-table stats:
# Load=0/32=0%, Rehash=0, Collisions=0/0=0%

main.o: main.cpp
#  Implicit rule search has not been done.
#  Last modified 2022-06-03 12:00:59
#  File has been updated.
#  Successfully updated.
# variable set hash-table stats:
# Load=0/32=0%, Rehash=0, Collisions=0/0=0%
#  commands to execute (from `Makefile', line 19):
	$(CCC) -c main.cpp
	

# Not a target:
app.cpp:
#  Implicit rule search has been done.
#  Last modified 2022-06-04 09:08:01
#  File has been updated.
#  Successfully updated.
# variable set hash-table stats:
# Load=0/32=0%, Rehash=0, Collisions=0/0=0%

# Not a target:
tag.h:
#  Implicit rule search has been done.
#  Last modified 2022-05-26 17:59:55
#  File has been updated.
#  Successfully updated.
# variable set hash-table stats:
# Load=0/32=0%, Rehash=0, Collisions=0/0=0%

# files hash-table stats:
# Load=25/1024=2%, Rehash=0, Collisions=0/60=0%
# VPATH Search Paths

# No `vpath' search paths.

# No general (`VPATH' variable) search path.

# # of strings in strcache: 1
# # of strcache buffers: 1
# strcache size: total = 4096 / max = 4096 / min = 4096 / avg = 4096
# strcache free: total = 4087 / max = 4087 / min = 4087 / avg = 4087

# Finished Make data base on Mon Jun 20 13:00:29 2022

 
